<?xml version="1.0" encoding="UTF-8"?>
<!-- Generated by org.testng.reporters.JUnitXMLReporter -->
<testsuite ignored="14" hostname="DESKTOP-SV05B4K" failures="0" tests="1" name="Default test" time="12.943" errors="0" timestamp="2025-02-11T15:32:32 IST">
  <testcase classname="positiveflow.AdminUserValidation" name="documentmanagement" time="2.156"/>
  <testcase classname="positiveflow.AdminUserValidation" name="updateuser" time="0.0">
    <ignored/>
  </testcase> <!-- updateuser -->
  <testcase classname="positiveflow.AdminUserValidation" name="doctype" time="0.0">
    <ignored/>
  </testcase> <!-- doctype -->
  <testcase classname="positiveflow.AdminUserValidation" name="resetfunctinality" time="0.0">
    <ignored/>
  </testcase> <!-- resetfunctinality -->
  <testcase classname="positiveflow.AdminUserValidation" name="newusercreation" time="0.0">
    <ignored/>
  </testcase> <!-- newusercreation -->
  <testcase classname="positiveflow.AdminUserValidation" name="newusersamemailid" time="0.0">
    <ignored/>
  </testcase> <!-- newusersamemailid -->
  <testcase classname="positiveflow.AdminUserValidation" name="userrolefilter" time="0.0">
    <ignored/>
  </testcase> <!-- userrolefilter -->
  <testcase classname="positiveflow.AdminUserValidation" name="searchtext" time="0.0">
    <ignored/>
  </testcase> <!-- searchtext -->
  <testcase classname="positiveflow.AdminUserValidation" name="searchuserfilter" time="0.0">
    <ignored/>
  </testcase> <!-- searchuserfilter -->
  <testcase classname="positiveflow.AdminUserValidation" name="history" time="0.0">
    <ignored/>
  </testcase> <!-- history -->
  <testcase classname="positiveflow.AdminUserValidation" name="exportsearchhistoryfilter" time="0.0">
    <ignored/>
  </testcase> <!-- exportsearchhistoryfilter -->
  <testcase classname="positiveflow.AdminUserValidation" name="profile" time="0.0">
    <ignored/>
  </testcase> <!-- profile -->
  <testcase classname="positiveflow.AdminUserValidation" name="deleteuser" time="0.0">
    <ignored/>
  </testcase> <!-- deleteuser -->
  <testcase classname="positiveflow.AdminUserValidation" name="signout" time="0.0">
    <ignored/>
  </testcase> <!-- signout -->
  <testcase classname="positiveflow.AdminUserValidation" name="searchnewword" time="0.0">
    <ignored/>
  </testcase> <!-- searchnewword -->
</testsuite> <!-- Default test -->
