<?xml version="1.0" encoding="UTF-8"?>
<!-- Generated by org.testng.reporters.JUnitXMLReporter -->
<testsuite ignored="0" hostname="DESKTOP-SV05B4K" failures="2" tests="2" name="Test" time="9.395" errors="0" timestamp="2025-01-10T10:17:01 IST">
  <testcase classname="positiveflow.UploadfileValidation" name="deleteuploadedpdf" time="0.009">
    <failure type="java.lang.NullPointerException" message="Cannot invoke &amp;quot;com.aventstack.extentreports.ExtentReports.createTest(String)&amp;quot; because &amp;quot;this.extent&amp;quot; is null">
      <![CDATA[java.lang.NullPointerException: Cannot invoke "com.aventstack.extentreports.ExtentReports.createTest(String)" because "this.extent" is null
at testcomponent.Listeners.onTestStart(Listeners.java:25)
at java.base/java.util.ArrayList.forEach(ArrayList.java:1597)
... Removed 24 stack frames]]>
    </failure>
  </testcase> <!-- deleteuploadedpdf -->
  <testcase classname="positiveflow.UploadfileValidation" name="deleteuploadedpdf" time="9.369">
    <failure type="java.lang.NullPointerException" message="Cannot invoke &amp;quot;com.aventstack.extentreports.ExtentTest.fail(java.lang.Throwable)&amp;quot; because the return value of &amp;quot;java.lang.ThreadLocal.get()&amp;quot; is null">
      <![CDATA[java.lang.NullPointerException: Cannot invoke "com.aventstack.extentreports.ExtentTest.fail(java.lang.Throwable)" because the return value of "java.lang.ThreadLocal.get()" is null
at testcomponent.Listeners.onTestFailure(Listeners.java:36)
at java.base/java.util.ArrayList.forEach(ArrayList.java:1597)
... Removed 24 stack frames]]>
    </failure>
  </testcase> <!-- deleteuploadedpdf -->
</testsuite> <!-- Test -->
